<?xml version="1.0" encoding="UTF-8"?>
<!-- Generated by org.testng.reporters.JUnitReportReporter -->
<testsuite skipped="0" hostname="DESKTOP-U2ABOF5" name="com.sgtesting.calculator.testcases.AdditionTestcases" tests="4" failures="0" timestamp="2022-11-22T14:37:34 IST" time="0.024" errors="0">
  <testcase name="addTwoPositiveNumbers" time="0.002" classname="com.sgtesting.calculator.testcases.AdditionTestcases"/>
  <system-out/>
  <testcase name="addPositiveAndZeroNumbers" time="0.002" classname="com.sgtesting.calculator.testcases.AdditionTestcases"/>
  <system-out/>
  <testcase name="addPositiveAndNegativeNumbers" time="0.014" classname="com.sgtesting.calculator.testcases.AdditionTestcases"/>
  <system-out/>
  <testcase name="addTwoNegativeNumbers" time="0.006" classname="com.sgtesting.calculator.testcases.AdditionTestcases"/>
  <system-out/>
</testsuite> <!-- com.sgtesting.calculator.testcases.AdditionTestcases -->
