<?xml version="1.0" encoding="UTF-8"?>
<!-- Generated by org.testng.reporters.JUnitReportReporter -->
<testsuite skipped="0" hostname="DESKTOP-U2ABOF5" name="com.sgtesting.calculator.testcases.MultiplicationTestcases" tests="4" failures="0" timestamp="2022-11-22T14:37:34 IST" time="0.008" errors="0">
  <testcase name="multiplyPositiveAndNegativeNumbers" time="0.003" classname="com.sgtesting.calculator.testcases.MultiplicationTestcases"/>
  <system-out/>
  <testcase name="multiplyPositiveAndZeroNumbers" time="0.001" classname="com.sgtesting.calculator.testcases.MultiplicationTestcases"/>
  <system-out/>
  <testcase name="multiplyTwoPositiveNumbers" time="0.002" classname="com.sgtesting.calculator.testcases.MultiplicationTestcases"/>
  <system-out/>
  <testcase name="multiplyTwoNegativeNumbers" time="0.002" classname="com.sgtesting.calculator.testcases.MultiplicationTestcases"/>
  <system-out/>
</testsuite> <!-- com.sgtesting.calculator.testcases.MultiplicationTestcases -->
