<?xml version="1.0" encoding="UTF-8"?>
<!-- Generated by org.testng.reporters.JUnitReportReporter -->
<testsuite skipped="0" hostname="DESKTOP-U2ABOF5" name="com.sgtesting.calculator.testcases.DivisionTestcases" tests="4" failures="0" timestamp="2022-11-22T14:37:34 IST" time="0.018" errors="0">
  <testcase name="dividePositiveAndNegativeNumbers" time="0.004" classname="com.sgtesting.calculator.testcases.DivisionTestcases"/>
  <system-out/>
  <testcase name="dividePositiveAndOneNumbers" time="0.006" classname="com.sgtesting.calculator.testcases.DivisionTestcases"/>
  <system-out/>
  <testcase name="divideTwoPositiveNumbers" time="0.006" classname="com.sgtesting.calculator.testcases.DivisionTestcases"/>
  <system-out/>
  <testcase name="divideTwoNegativeNumbers" time="0.002" classname="com.sgtesting.calculator.testcases.DivisionTestcases"/>
  <system-out/>
</testsuite> <!-- com.sgtesting.calculator.testcases.DivisionTestcases -->
