<?xml version="1.0" encoding="UTF-8"?>
<!-- Generated by org.testng.reporters.JUnitReportReporter -->
<testsuite skipped="0" hostname="DESKTOP-U2ABOF5" name="com.sgtesting.calculator.testcases.SubstractionTestcases" tests="4" failures="0" timestamp="2022-11-22T14:37:34 IST" time="0.009" errors="0">
  <testcase name="substractPositiveAndNegativeNumbers" time="0.002" classname="com.sgtesting.calculator.testcases.SubstractionTestcases"/>
  <system-out/>
  <testcase name="substractPositiveAndZeroNumbers" time="0.002" classname="com.sgtesting.calculator.testcases.SubstractionTestcases"/>
  <system-out/>
  <testcase name="substractTwoPositiveNumbers" time="0.003" classname="com.sgtesting.calculator.testcases.SubstractionTestcases"/>
  <system-out/>
  <testcase name="substractTwoNegativeNumbers" time="0.002" classname="com.sgtesting.calculator.testcases.SubstractionTestcases"/>
  <system-out/>
</testsuite> <!-- com.sgtesting.calculator.testcases.SubstractionTestcases -->
