<?xml version="1.0" encoding="UTF-8"?>
<!-- Generated by org.testng.reporters.JUnitReportReporter -->
<testsuite hostname="DESKTOP-U2ABOF5" failures="0" tests="9" name="com.sgtesting.WebAssignments.Assignment5" time="38.696" errors="0" timestamp="2022-11-12T19:08:47 IST" skipped="0">
  <testcase classname="com.sgtesting.WebAssignments.Assignment5" name="launchBrowser" time="1.934"/>
  <system-out/>
  <testcase classname="com.sgtesting.WebAssignments.Assignment5" name="navigate" time="6.326"/>
  <system-out/>
  <testcase classname="com.sgtesting.WebAssignments.Assignment5" name="login" time="5.340"/>
  <system-out/>
  <testcase classname="com.sgtesting.WebAssignments.Assignment5" name="minimizeFlyOutwindow" time="2.211"/>
  <system-out/>
  <testcase classname="com.sgtesting.WebAssignments.Assignment5" name="addCustomer" time="13.372"/>
  <system-out/>
  <testcase classname="com.sgtesting.WebAssignments.Assignment5" name="modifyCustomer" time="3.470"/>
  <system-out/>
  <testcase classname="com.sgtesting.WebAssignments.Assignment5" name="deleteCustomer" time="3.303"/>
  <system-out/>
  <testcase classname="com.sgtesting.WebAssignments.Assignment5" name="logout" time="2.387"/>
  <system-out/>
  <testcase classname="com.sgtesting.WebAssignments.Assignment5" name="closeApp" time="0.353"/>
  <system-out/>
</testsuite> <!-- com.sgtesting.WebAssignments.Assignment5 -->
