<?xml version="1.0" encoding="UTF-8"?>
<!-- Generated by org.testng.reporters.JUnitReportReporter -->
<testsuite hostname="DESKTOP-U2ABOF5" failures="0" tests="2" name="com.sgtesting.softassertion.assertTrueDemo" time="0.029" errors="0" timestamp="2022-11-09T12:22:06 IST" skipped="0">
  <testcase classname="com.sgtesting.softassertion.assertTrueDemo" name="assertFalseDemo" time="0.024"/>
  <system-out/>
  <testcase classname="com.sgtesting.softassertion.assertTrueDemo" name="assertTrueDemo" time="0.005"/>
  <system-out/>
</testsuite> <!-- com.sgtesting.softassertion.assertTrueDemo -->
