<?xml version="1.0" encoding="UTF-8"?>
<!-- Generated by org.testng.reporters.JUnitReportReporter -->
<testsuite hostname="DESKTOP-U2ABOF5" failures="0" tests="2" name="com.sgtesting.hardassertion.AssertTrueFalseDemo" time="0.017" errors="0" timestamp="2022-11-09T11:45:12 IST" skipped="0">
  <testcase classname="com.sgtesting.hardassertion.AssertTrueFalseDemo" name="assertFalseDemo" time="0.015"/>
  <system-out/>
  <testcase classname="com.sgtesting.hardassertion.AssertTrueFalseDemo" name="assertTrueDemo" time="0.002"/>
  <system-out/>
</testsuite> <!-- com.sgtesting.hardassertion.AssertTrueFalseDemo -->
