<?xml version="1.0" encoding="UTF-8"?>
<!-- Generated by org.testng.reporters.JUnitReportReporter -->
<testsuite hostname="DESKTOP-U2ABOF5" failures="0" tests="3" name="com.sgtesting.condition.Users" time="0.012" errors="0" timestamp="2022-11-09T11:31:18 IST" skipped="1">
  <testcase classname="com.sgtesting.condition.Users" name="deleteUser" time="0.003"/>
  <system-out/>
  <testcase classname="com.sgtesting.condition.Users" name="createUser" time="0.009"/>
  <system-out/>
  <testcase classname="com.sgtesting.condition.Users" name="modifyUser">
    <skipped/>
  </testcase> <!-- modifyUser -->
  <system-out/>
</testsuite> <!-- com.sgtesting.condition.Users -->
