<?xml version="1.0" encoding="UTF-8"?>
<!-- Generated by org.testng.reporters.JUnitReportReporter -->
<testsuite hostname="DESKTOP-U2ABOF5" failures="0" tests="3" name="com.sgtesting.users.Users" time="0.024" errors="0" timestamp="2022-11-09T12:53:43 IST" skipped="0">
  <testcase classname="com.sgtesting.users.Users" name="deleteUser" time="0.008"/>
  <system-out/>
  <testcase classname="com.sgtesting.users.Users" name="createUser" time="0.010"/>
  <system-out/>
  <testcase classname="com.sgtesting.users.Users" name="modifyUser" time="0.006"/>
  <system-out/>
</testsuite> <!-- com.sgtesting.users.Users -->
