<?xml version="1.0" encoding="UTF-8"?>
<!-- Generated by org.testng.reporters.JUnitReportReporter -->
<testsuite hostname="DESKTOP-U2ABOF5" failures="0" tests="3" name="com.sgtesting.condition.DependsOnMethodsCondition" time="0.013" errors="0" timestamp="2022-11-09T12:53:15 IST" skipped="0">
  <testcase classname="com.sgtesting.condition.DependsOnMethodsCondition" name="modifyUser" time="0.002"/>
  <system-out/>
  <testcase classname="com.sgtesting.condition.DependsOnMethodsCondition" name="deleteUser" time="0.004"/>
  <system-out/>
  <testcase classname="com.sgtesting.condition.DependsOnMethodsCondition" name="createUser" time="0.007"/>
  <system-out/>
</testsuite> <!-- com.sgtesting.condition.DependsOnMethodsCondition -->
