<?xml version="1.0" encoding="UTF-8"?>
<!-- Generated by org.testng.reporters.JUnitReportReporter -->
<testsuite hostname="DESKTOP-U2ABOF5" failures="0" tests="10" name="com.sgtesting.WebAssignments.Assignment7" time="53.028" errors="0" timestamp="2022-11-12T19:08:47 IST" skipped="0">
  <testcase classname="com.sgtesting.WebAssignments.Assignment7" name="launchBrowser" time="1.324"/>
  <system-out/>
  <testcase classname="com.sgtesting.WebAssignments.Assignment7" name="navigate" time="6.330"/>
  <system-out/>
  <testcase classname="com.sgtesting.WebAssignments.Assignment7" name="login" time="5.330"/>
  <system-out/>
  <testcase classname="com.sgtesting.WebAssignments.Assignment7" name="minimizeFlyOutwindow" time="2.185"/>
  <system-out/>
  <testcase classname="com.sgtesting.WebAssignments.Assignment7" name="addCustomer" time="13.097"/>
  <system-out/>
  <testcase classname="com.sgtesting.WebAssignments.Assignment7" name="creatProject" time="12.696"/>
  <system-out/>
  <testcase classname="com.sgtesting.WebAssignments.Assignment7" name="ModifyProject" time="3.521"/>
  <system-out/>
  <testcase classname="com.sgtesting.WebAssignments.Assignment7" name="DeleteProject" time="5.587"/>
  <system-out/>
  <testcase classname="com.sgtesting.WebAssignments.Assignment7" name="logout" time="2.407"/>
  <system-out/>
  <testcase classname="com.sgtesting.WebAssignments.Assignment7" name="closeApp" time="0.551"/>
  <system-out/>
</testsuite> <!-- com.sgtesting.WebAssignments.Assignment7 -->
