<?xml version="1.0" encoding="UTF-8"?>
<!-- Generated by org.testng.reporters.JUnitReportReporter -->
<testsuite hostname="DESKTOP-U2ABOF5" failures="0" tests="9" name="com.sgtesting.WebAssignments.Assignment6" time="0.046" errors="0" timestamp="2022-11-12T19:08:47 IST" skipped="0">
  <testcase classname="com.sgtesting.WebAssignments.Assignment6" name="launchBrowser" time="0.007"/>
  <system-out/>
  <testcase classname="com.sgtesting.WebAssignments.Assignment6" name="navigate" time="0.008"/>
  <system-out/>
  <testcase classname="com.sgtesting.WebAssignments.Assignment6" name="login" time="0.003"/>
  <system-out/>
  <testcase classname="com.sgtesting.WebAssignments.Assignment6" name="minimizeFlyOutwindow" time="0.004"/>
  <system-out/>
  <testcase classname="com.sgtesting.WebAssignments.Assignment6" name="addCustomer" time="0.004"/>
  <system-out/>
  <testcase classname="com.sgtesting.WebAssignments.Assignment6" name="creatProject" time="0.003"/>
  <system-out/>
  <testcase classname="com.sgtesting.WebAssignments.Assignment6" name="deleteProject" time="0.012"/>
  <system-out/>
  <testcase classname="com.sgtesting.WebAssignments.Assignment6" name="logout" time="0.003"/>
  <system-out/>
  <testcase classname="com.sgtesting.WebAssignments.Assignment6" name="closeApp" time="0.002"/>
  <system-out/>
</testsuite> <!-- com.sgtesting.WebAssignments.Assignment6 -->
