<?xml version="1.0" encoding="UTF-8"?>
<!-- Generated by org.testng.reporters.JUnitReportReporter -->
<testsuite hostname="DESKTOP-U2ABOF5" failures="0" tests="3" name="com.sgtesting.parameters.DataProviderDemo" time="0.021" errors="0" timestamp="2022-11-09T11:58:39 IST" skipped="0">
  <testcase classname="com.sgtesting.parameters.DataProviderDemo" name="displayTestData" time="0.006"/>
  <system-out/>
  <testcase classname="com.sgtesting.parameters.DataProviderDemo" name="displayTestData" time="0.010"/>
  <system-out/>
  <testcase classname="com.sgtesting.parameters.DataProviderDemo" name="displayTestData" time="0.005"/>
  <system-out/>
</testsuite> <!-- com.sgtesting.parameters.DataProviderDemo -->
