<?xml version="1.0" encoding="UTF-8"?>
<!-- Generated by org.testng.reporters.JUnitReportReporter -->
<testsuite hostname="DESKTOP-U2ABOF5" failures="0" tests="10" name="com.sgtesting.WebAssignments.Assignment8" time="69.563" errors="0" timestamp="2022-11-12T19:08:47 IST" skipped="0">
  <testcase classname="com.sgtesting.WebAssignments.Assignment8" name="launchBrowser" time="1.736"/>
  <system-out/>
  <testcase classname="com.sgtesting.WebAssignments.Assignment8" name="navigate" time="6.419"/>
  <system-out/>
  <testcase classname="com.sgtesting.WebAssignments.Assignment8" name="login" time="5.322"/>
  <system-out/>
  <testcase classname="com.sgtesting.WebAssignments.Assignment8" name="minimizeFlyOutwindow" time="2.208"/>
  <system-out/>
  <testcase classname="com.sgtesting.WebAssignments.Assignment8" name="addCustomer" time="13.395"/>
  <system-out/>
  <testcase classname="com.sgtesting.WebAssignments.Assignment8" name="creatProject" time="12.734"/>
  <system-out/>
  <testcase classname="com.sgtesting.WebAssignments.Assignment8" name="CreatTask" time="11.835"/>
  <system-out/>
  <testcase classname="com.sgtesting.WebAssignments.Assignment8" name="deleteCustomer" time="12.640"/>
  <system-out/>
  <testcase classname="com.sgtesting.WebAssignments.Assignment8" name="logout" time="2.908"/>
  <system-out/>
  <testcase classname="com.sgtesting.WebAssignments.Assignment8" name="closeApp" time="0.366"/>
  <system-out/>
</testsuite> <!-- com.sgtesting.WebAssignments.Assignment8 -->
