<?xml version="1.0" encoding="UTF-8"?>
<!-- Generated by org.testng.reporters.JUnitReportReporter -->
<testsuite hostname="DESKTOP-U2ABOF5" failures="0" tests="8" name="com.sgtesting.WebAssignments.Assignment2" time="38.215" errors="0" timestamp="2022-11-12T19:08:47 IST" skipped="0">
  <testcase classname="com.sgtesting.WebAssignments.Assignment2" name="launchBrowser" time="1.723"/>
  <system-out/>
  <testcase classname="com.sgtesting.WebAssignments.Assignment2" name="navigate" time="6.383"/>
  <system-out/>
  <testcase classname="com.sgtesting.WebAssignments.Assignment2" name="login" time="5.438"/>
  <system-out/>
  <testcase classname="com.sgtesting.WebAssignments.Assignment2" name="minimizeFlyOutwindow" time="2.173"/>
  <system-out/>
  <testcase classname="com.sgtesting.WebAssignments.Assignment2" name="createUser" time="13.285"/>
  <system-out/>
  <testcase classname="com.sgtesting.WebAssignments.Assignment2" name="deleteUser" time="6.440"/>
  <system-out/>
  <testcase classname="com.sgtesting.WebAssignments.Assignment2" name="logout" time="2.405"/>
  <system-out/>
  <testcase classname="com.sgtesting.WebAssignments.Assignment2" name="closeApp" time="0.368"/>
  <system-out/>
</testsuite> <!-- com.sgtesting.WebAssignments.Assignment2 -->
