<?xml version="1.0" encoding="UTF-8"?>
<!-- Generated by org.testng.reporters.JUnitReportReporter -->
<testsuite hostname="DESKTOP-U2ABOF5" failures="0" tests="2" name="com.sgtesting.hardassertion.AssertNullDemo" time="0.019" errors="0" timestamp="2022-11-09T11:40:45 IST" skipped="0">
  <testcase classname="com.sgtesting.hardassertion.AssertNullDemo" name="assertNotNullDemo" time="0.015"/>
  <system-out/>
  <testcase classname="com.sgtesting.hardassertion.AssertNullDemo" name="assertNullDemo" time="0.004"/>
  <system-out/>
</testsuite> <!-- com.sgtesting.hardassertion.AssertNullDemo -->
