<?xml version="1.0" encoding="UTF-8"?>
<!-- Generated by org.testng.reporters.JUnitReportReporter -->
<testsuite hostname="DESKTOP-U2ABOF5" failures="0" tests="8" name="com.sgtesting.WebAssignments.Assignment1" time="42.993" errors="0" timestamp="2022-11-12T19:08:47 IST" skipped="0">
  <testcase classname="com.sgtesting.WebAssignments.Assignment1" name="launchBrowser" time="5.589"/>
  <system-out/>
  <testcase classname="com.sgtesting.WebAssignments.Assignment1" name="navigate" time="6.484"/>
  <system-out/>
  <testcase classname="com.sgtesting.WebAssignments.Assignment1" name="login" time="5.353"/>
  <system-out/>
  <testcase classname="com.sgtesting.WebAssignments.Assignment1" name="minimizeFlyOutwindow" time="2.216"/>
  <system-out/>
  <testcase classname="com.sgtesting.WebAssignments.Assignment1" name="createUser" time="13.573"/>
  <system-out/>
  <testcase classname="com.sgtesting.WebAssignments.Assignment1" name="deleteUser" time="6.406"/>
  <system-out/>
  <testcase classname="com.sgtesting.WebAssignments.Assignment1" name="logout" time="2.915"/>
  <system-out/>
  <testcase classname="com.sgtesting.WebAssignments.Assignment1" name="closeApp" time="0.457"/>
  <system-out/>
</testsuite> <!-- com.sgtesting.WebAssignments.Assignment1 -->
