<?xml version="1.0" encoding="UTF-8"?>
<!-- Generated by org.testng.reporters.JUnitReportReporter -->
<testsuite hostname="DESKTOP-U2ABOF5" failures="0" tests="2" name="com.sgtesting.softassertion.AssertNullDemo" time="0.023" errors="0" timestamp="2022-11-09T12:10:09 IST" skipped="0">
  <testcase classname="com.sgtesting.softassertion.AssertNullDemo" name="assertNotNullDemo" time="0.020"/>
  <system-out/>
  <testcase classname="com.sgtesting.softassertion.AssertNullDemo" name="assertNullDemo" time="0.003"/>
  <system-out/>
</testsuite> <!-- com.sgtesting.softassertion.AssertNullDemo -->
