<?xml version="1.0" encoding="UTF-8"?>
<!-- Generated by org.testng.reporters.JUnitReportReporter -->
<testsuite hostname="DESKTOP-U2ABOF5" failures="0" tests="1" name="com.sgtesting.softassertion.AssertSameDemo" time="0.022" errors="0" timestamp="2022-11-09T12:12:11 IST" skipped="0">
  <testcase classname="com.sgtesting.softassertion.AssertSameDemo" name="assertSameDemo" time="0.022"/>
  <system-out/>
</testsuite> <!-- com.sgtesting.softassertion.AssertSameDemo -->
