<?xml version="1.0" encoding="UTF-8"?>
<!-- Generated by org.testng.reporters.JUnitReportReporter -->
<testsuite hostname="DESKTOP-U2ABOF5" failures="0" tests="8" name="com.sgtesting.WebAssignments.Assignments1DataProvider" time="38.234" errors="0" timestamp="2022-11-12T19:08:47 IST" skipped="0">
  <testcase classname="com.sgtesting.WebAssignments.Assignments1DataProvider" name="launchBrowser" time="1.397"/>
  <system-out/>
  <testcase classname="com.sgtesting.WebAssignments.Assignments1DataProvider" name="navigate" time="6.299"/>
  <system-out/>
  <testcase classname="com.sgtesting.WebAssignments.Assignments1DataProvider" name="login" time="5.278"/>
  <system-out/>
  <testcase classname="com.sgtesting.WebAssignments.Assignments1DataProvider" name="minimizeFlyOutwindow" time="2.085"/>
  <system-out/>
  <testcase classname="com.sgtesting.WebAssignments.Assignments1DataProvider" name="createUser" time="12.871"/>
  <system-out/>
  <testcase classname="com.sgtesting.WebAssignments.Assignments1DataProvider" name="deleteUser" time="6.327"/>
  <system-out/>
  <testcase classname="com.sgtesting.WebAssignments.Assignments1DataProvider" name="logout" time="3.413"/>
  <system-out/>
  <testcase classname="com.sgtesting.WebAssignments.Assignments1DataProvider" name="closeApplication" time="0.564"/>
  <system-out/>
</testsuite> <!-- com.sgtesting.WebAssignments.Assignments1DataProvider -->
