<?xml version="1.0" encoding="UTF-8"?>
<!-- Generated by org.testng.reporters.JUnitReportReporter -->
<testsuite hostname="DESKTOP-U2ABOF5" failures="0" tests="8" name="com.sgtesting.WebAssignments.Assignment4" time="44.941" errors="0" timestamp="2022-11-12T19:08:47 IST" skipped="0">
  <testcase classname="com.sgtesting.WebAssignments.Assignment4" name="launchBrowser" time="1.784"/>
  <system-out/>
  <testcase classname="com.sgtesting.WebAssignments.Assignment4" name="navigate" time="6.672"/>
  <system-out/>
  <testcase classname="com.sgtesting.WebAssignments.Assignment4" name="login" time="5.407"/>
  <system-out/>
  <testcase classname="com.sgtesting.WebAssignments.Assignment4" name="minimizeFlyOutwindow" time="2.171"/>
  <system-out/>
  <testcase classname="com.sgtesting.WebAssignments.Assignment4" name="addCustomer" time="13.537"/>
  <system-out/>
  <testcase classname="com.sgtesting.WebAssignments.Assignment4" name="deleteCustomer" time="12.637"/>
  <system-out/>
  <testcase classname="com.sgtesting.WebAssignments.Assignment4" name="logout" time="2.348"/>
  <system-out/>
  <testcase classname="com.sgtesting.WebAssignments.Assignment4" name="closeApp" time="0.385"/>
  <system-out/>
</testsuite> <!-- com.sgtesting.WebAssignments.Assignment4 -->
