<?xml version="1.0" encoding="UTF-8"?>
<!-- Generated by org.testng.reporters.JUnitReportReporter -->
<testsuite hostname="DESKTOP-U2ABOF5" failures="0" tests="3" name="com.sgtesting.products.Products" time="0.008" errors="0" timestamp="2022-11-09T12:53:43 IST" skipped="0">
  <testcase classname="com.sgtesting.products.Products" name="deleteProduct" time="0.003"/>
  <system-out/>
  <testcase classname="com.sgtesting.products.Products" name="createProduct" time="0.003"/>
  <system-out/>
  <testcase classname="com.sgtesting.products.Products" name="modifyProduct" time="0.002"/>
  <system-out/>
</testsuite> <!-- com.sgtesting.products.Products -->
