<?xml version="1.0" encoding="UTF-8"?>
<!-- Generated by org.testng.reporters.JUnitReportReporter -->
<testsuite hostname="DESKTOP-U2ABOF5" failures="0" tests="2" name="com.testing.annotationsummary.AnnotationsSummary" time="0.030" errors="0" timestamp="2022-11-09T11:18:14 IST" skipped="0">
  <testcase classname="com.testing.annotationsummary.AnnotationsSummary" name="method2" time="0.012"/>
  <system-out/>
  <testcase classname="com.testing.annotationsummary.AnnotationsSummary" name="method1" time="0.018"/>
  <system-out/>
</testsuite> <!-- com.testing.annotationsummary.AnnotationsSummary -->
