<?xml version="1.0" encoding="UTF-8"?>
<!-- Generated by org.testng.reporters.JUnitReportReporter -->
<testsuite hostname="DESKTOP-U2ABOF5" failures="0" tests="3" name="com.sgtesting.condition.PriorityConditionDemo" time="0.015" errors="0" timestamp="2022-11-09T11:21:26 IST" skipped="0">
  <testcase classname="com.sgtesting.condition.PriorityConditionDemo" name="createUser" time="0.007"/>
  <system-out/>
  <testcase classname="com.sgtesting.condition.PriorityConditionDemo" name="modifyUser" time="0.002"/>
  <system-out/>
  <testcase classname="com.sgtesting.condition.PriorityConditionDemo" name="deleteUser" time="0.006"/>
  <system-out/>
</testsuite> <!-- com.sgtesting.condition.PriorityConditionDemo -->
