<?xml version="1.0" encoding="UTF-8"?>
<!-- Generated by org.testng.reporters.JUnitReportReporter -->
<testsuite skipped="0" hostname="DESKTOP-U2ABOF5" name="com.sgtesting.actitime.driverscript.DriverScript" tests="1" failures="0" timestamp="2022-11-22T13:08:56 IST" time="25.433" errors="0">
  <testcase name="feature" time="25.433" classname="com.sgtesting.actitime.driverscript.DriverScript"/>
  <system-out/>
</testsuite> <!-- com.sgtesting.actitime.driverscript.DriverScript -->
