<?xml version="1.0" encoding="UTF-8"?>
<!-- Generated by org.testng.reporters.JUnitReportReporter -->
<testsuite hostname="DESKTOP-U2ABOF5" failures="0" tests="8" name="com.sgtesting.MavenAssignmets.Assignments1DataProvider" time="37.849" errors="0" timestamp="2022-11-12T18:24:58 IST" skipped="0">
  <testcase classname="com.sgtesting.MavenAssignmets.Assignments1DataProvider" name="launchBrowser" time="1.341"/>
  <system-out/>
  <testcase classname="com.sgtesting.MavenAssignmets.Assignments1DataProvider" name="navigate" time="6.280"/>
  <system-out/>
  <testcase classname="com.sgtesting.MavenAssignmets.Assignments1DataProvider" name="login" time="5.268"/>
  <system-out/>
  <testcase classname="com.sgtesting.MavenAssignmets.Assignments1DataProvider" name="minimizeFlyOutwindow" time="2.088"/>
  <system-out/>
  <testcase classname="com.sgtesting.MavenAssignmets.Assignments1DataProvider" name="createUser" time="12.795"/>
  <system-out/>
  <testcase classname="com.sgtesting.MavenAssignmets.Assignments1DataProvider" name="deleteUser" time="6.333"/>
  <system-out/>
  <testcase classname="com.sgtesting.MavenAssignmets.Assignments1DataProvider" name="logout" time="3.355"/>
  <system-out/>
  <testcase classname="com.sgtesting.MavenAssignmets.Assignments1DataProvider" name="closeApplication" time="0.389"/>
  <system-out/>
</testsuite> <!-- com.sgtesting.MavenAssignmets.Assignments1DataProvider -->
