<?xml version="1.0" encoding="UTF-8"?>
<!-- Generated by org.testng.reporters.JUnitReportReporter -->
<testsuite hostname="DESKTOP-U2ABOF5" failures="0" tests="9" name="com.sgtesting.MavenAssignmets.Assignment5" time="39.291" errors="0" timestamp="2022-11-12T18:24:58 IST" skipped="0">
  <testcase classname="com.sgtesting.MavenAssignmets.Assignment5" name="launchBrowser" time="1.744"/>
  <system-out/>
  <testcase classname="com.sgtesting.MavenAssignmets.Assignment5" name="navigate" time="6.287"/>
  <system-out/>
  <testcase classname="com.sgtesting.MavenAssignmets.Assignment5" name="login" time="5.322"/>
  <system-out/>
  <testcase classname="com.sgtesting.MavenAssignmets.Assignment5" name="minimizeFlyOutwindow" time="2.192"/>
  <system-out/>
  <testcase classname="com.sgtesting.MavenAssignmets.Assignment5" name="addCustomer" time="13.436"/>
  <system-out/>
  <testcase classname="com.sgtesting.MavenAssignmets.Assignment5" name="modifyCustomer" time="3.419"/>
  <system-out/>
  <testcase classname="com.sgtesting.MavenAssignmets.Assignment5" name="deleteCustomer" time="3.641"/>
  <system-out/>
  <testcase classname="com.sgtesting.MavenAssignmets.Assignment5" name="logout" time="2.865"/>
  <system-out/>
  <testcase classname="com.sgtesting.MavenAssignmets.Assignment5" name="closeApp" time="0.385"/>
  <system-out/>
</testsuite> <!-- com.sgtesting.MavenAssignmets.Assignment5 -->
