<?xml version="1.0" encoding="UTF-8"?>
<!-- Generated by org.testng.reporters.JUnitReportReporter -->
<testsuite hostname="DESKTOP-U2ABOF5" failures="0" tests="8" name="com.sgtesting.MavenAssignmets.Assignment4" time="44.926" errors="0" timestamp="2022-11-12T18:24:58 IST" skipped="0">
  <testcase classname="com.sgtesting.MavenAssignmets.Assignment4" name="launchBrowser" time="1.743"/>
  <system-out/>
  <testcase classname="com.sgtesting.MavenAssignmets.Assignment4" name="navigate" time="6.533"/>
  <system-out/>
  <testcase classname="com.sgtesting.MavenAssignmets.Assignment4" name="login" time="5.417"/>
  <system-out/>
  <testcase classname="com.sgtesting.MavenAssignmets.Assignment4" name="minimizeFlyOutwindow" time="2.196"/>
  <system-out/>
  <testcase classname="com.sgtesting.MavenAssignmets.Assignment4" name="addCustomer" time="13.566"/>
  <system-out/>
  <testcase classname="com.sgtesting.MavenAssignmets.Assignment4" name="deleteCustomer" time="12.575"/>
  <system-out/>
  <testcase classname="com.sgtesting.MavenAssignmets.Assignment4" name="logout" time="2.385"/>
  <system-out/>
  <testcase classname="com.sgtesting.MavenAssignmets.Assignment4" name="closeApp" time="0.511"/>
  <system-out/>
</testsuite> <!-- com.sgtesting.MavenAssignmets.Assignment4 -->
