<?xml version="1.0" encoding="UTF-8"?>
<!-- Generated by org.testng.reporters.JUnitReportReporter -->
<testsuite hostname="DESKTOP-U2ABOF5" failures="0" tests="10" name="com.sgtesting.MavenAssignmets.Assignment7" time="53.491" errors="0" timestamp="2022-11-12T18:24:58 IST" skipped="0">
  <testcase classname="com.sgtesting.MavenAssignmets.Assignment7" name="launchBrowser" time="1.758"/>
  <system-out/>
  <testcase classname="com.sgtesting.MavenAssignmets.Assignment7" name="navigate" time="6.287"/>
  <system-out/>
  <testcase classname="com.sgtesting.MavenAssignmets.Assignment7" name="login" time="5.327"/>
  <system-out/>
  <testcase classname="com.sgtesting.MavenAssignmets.Assignment7" name="minimizeFlyOutwindow" time="2.169"/>
  <system-out/>
  <testcase classname="com.sgtesting.MavenAssignmets.Assignment7" name="addCustomer" time="13.328"/>
  <system-out/>
  <testcase classname="com.sgtesting.MavenAssignmets.Assignment7" name="creatProject" time="12.622"/>
  <system-out/>
  <testcase classname="com.sgtesting.MavenAssignmets.Assignment7" name="ModifyProject" time="3.394"/>
  <system-out/>
  <testcase classname="com.sgtesting.MavenAssignmets.Assignment7" name="DeleteProject" time="5.572"/>
  <system-out/>
  <testcase classname="com.sgtesting.MavenAssignmets.Assignment7" name="logout" time="2.684"/>
  <system-out/>
  <testcase classname="com.sgtesting.MavenAssignmets.Assignment7" name="closeApp" time="0.350"/>
  <system-out/>
</testsuite> <!-- com.sgtesting.MavenAssignmets.Assignment7 -->
