<?xml version="1.0" encoding="UTF-8"?>
<!-- Generated by org.testng.reporters.JUnitReportReporter -->
<testsuite hostname="DESKTOP-U2ABOF5" failures="0" tests="8" name="com.sgtesting.MavenAssignmets.Assignment2" time="39.437" errors="0" timestamp="2022-11-12T18:24:58 IST" skipped="0">
  <testcase classname="com.sgtesting.MavenAssignmets.Assignment2" name="launchBrowser" time="2.008"/>
  <system-out/>
  <testcase classname="com.sgtesting.MavenAssignmets.Assignment2" name="navigate" time="7.368"/>
  <system-out/>
  <testcase classname="com.sgtesting.MavenAssignmets.Assignment2" name="login" time="5.346"/>
  <system-out/>
  <testcase classname="com.sgtesting.MavenAssignmets.Assignment2" name="minimizeFlyOutwindow" time="2.130"/>
  <system-out/>
  <testcase classname="com.sgtesting.MavenAssignmets.Assignment2" name="createUser" time="13.423"/>
  <system-out/>
  <testcase classname="com.sgtesting.MavenAssignmets.Assignment2" name="deleteUser" time="6.382"/>
  <system-out/>
  <testcase classname="com.sgtesting.MavenAssignmets.Assignment2" name="logout" time="2.414"/>
  <system-out/>
  <testcase classname="com.sgtesting.MavenAssignmets.Assignment2" name="closeApp" time="0.366"/>
  <system-out/>
</testsuite> <!-- com.sgtesting.MavenAssignmets.Assignment2 -->
