<?xml version="1.0" encoding="UTF-8"?>
<!-- Generated by org.testng.reporters.JUnitReportReporter -->
<testsuite hostname="DESKTOP-U2ABOF5" failures="0" tests="10" name="com.sgtesting.MavenAssignmets.Assignment8" time="68.013" errors="0" timestamp="2022-11-12T18:24:58 IST" skipped="0">
  <testcase classname="com.sgtesting.MavenAssignmets.Assignment8" name="launchBrowser" time="1.341"/>
  <system-out/>
  <testcase classname="com.sgtesting.MavenAssignmets.Assignment8" name="navigate" time="6.305"/>
  <system-out/>
  <testcase classname="com.sgtesting.MavenAssignmets.Assignment8" name="login" time="5.309"/>
  <system-out/>
  <testcase classname="com.sgtesting.MavenAssignmets.Assignment8" name="minimizeFlyOutwindow" time="2.133"/>
  <system-out/>
  <testcase classname="com.sgtesting.MavenAssignmets.Assignment8" name="addCustomer" time="13.247"/>
  <system-out/>
  <testcase classname="com.sgtesting.MavenAssignmets.Assignment8" name="creatProject" time="12.689"/>
  <system-out/>
  <testcase classname="com.sgtesting.MavenAssignmets.Assignment8" name="logout" time="2.447"/>
  <system-out/>
  <testcase classname="com.sgtesting.MavenAssignmets.Assignment8" name="deleteCustomer" time="12.553"/>
  <system-out/>
  <testcase classname="com.sgtesting.MavenAssignmets.Assignment8" name="CreatTask" time="11.619"/>
  <system-out/>
  <testcase classname="com.sgtesting.MavenAssignmets.Assignment8" name="closeApp" time="0.370"/>
  <system-out/>
</testsuite> <!-- com.sgtesting.MavenAssignmets.Assignment8 -->
