<?xml version="1.0" encoding="UTF-8"?>
<!-- Generated by org.testng.reporters.JUnitReportReporter -->
<testsuite hostname="DESKTOP-U2ABOF5" failures="0" tests="8" name="com.sgtesting.MavenAssignmets.Assignment1" time="41.240" errors="0" timestamp="2022-11-12T18:24:58 IST" skipped="0">
  <testcase classname="com.sgtesting.MavenAssignmets.Assignment1" name="launchBrowser" time="4.196"/>
  <system-out/>
  <testcase classname="com.sgtesting.MavenAssignmets.Assignment1" name="navigate" time="6.358"/>
  <system-out/>
  <testcase classname="com.sgtesting.MavenAssignmets.Assignment1" name="login" time="5.426"/>
  <system-out/>
  <testcase classname="com.sgtesting.MavenAssignmets.Assignment1" name="minimizeFlyOutwindow" time="2.162"/>
  <system-out/>
  <testcase classname="com.sgtesting.MavenAssignmets.Assignment1" name="createUser" time="13.470"/>
  <system-out/>
  <testcase classname="com.sgtesting.MavenAssignmets.Assignment1" name="deleteUser" time="6.374"/>
  <system-out/>
  <testcase classname="com.sgtesting.MavenAssignmets.Assignment1" name="logout" time="2.869"/>
  <system-out/>
  <testcase classname="com.sgtesting.MavenAssignmets.Assignment1" name="closeApp" time="0.385"/>
  <system-out/>
</testsuite> <!-- com.sgtesting.MavenAssignmets.Assignment1 -->
