<?xml version="1.0" encoding="UTF-8"?>
<!-- Generated by org.testng.reporters.JUnitReportReporter -->
<testsuite hostname="DESKTOP-U2ABOF5" failures="0" tests="8" name="com.sgtesting.WebAssignments.Assignments1DataProvider" time="44.453" errors="0" timestamp="2022-11-11T14:07:17 IST" skipped="0">
  <testcase classname="com.sgtesting.WebAssignments.Assignments1DataProvider" name="launchBrowser" time="4.806"/>
  <system-out/>
  <testcase classname="com.sgtesting.WebAssignments.Assignments1DataProvider" name="navigate" time="7.487"/>
  <system-out/>
  <testcase classname="com.sgtesting.WebAssignments.Assignments1DataProvider" name="login" time="5.671"/>
  <system-out/>
  <testcase classname="com.sgtesting.WebAssignments.Assignments1DataProvider" name="minimizeFlyOutwindow" time="2.127"/>
  <system-out/>
  <testcase classname="com.sgtesting.WebAssignments.Assignments1DataProvider" name="createUser" time="14.020"/>
  <system-out/>
  <testcase classname="com.sgtesting.WebAssignments.Assignments1DataProvider" name="deleteUser" time="6.392"/>
  <system-out/>
  <testcase classname="com.sgtesting.WebAssignments.Assignments1DataProvider" name="logout" time="3.502"/>
  <system-out/>
  <testcase classname="com.sgtesting.WebAssignments.Assignments1DataProvider" name="closeApplication" time="0.448"/>
  <system-out/>
</testsuite> <!-- com.sgtesting.WebAssignments.Assignments1DataProvider -->
