<?xml version="1.0" encoding="UTF-8"?>
<!-- Generated by org.testng.reporters.JUnitReportReporter -->
<testsuite hostname="DESKTOP-U2ABOF5" failures="0" tests="3" name="com.sgtesting.testcases.Users" time="0.014" errors="0" timestamp="2022-11-10T13:24:01 IST" skipped="0">
  <testcase classname="com.sgtesting.testcases.Users" name="modifyUser" time="0.002"/>
  <system-out/>
  <testcase classname="com.sgtesting.testcases.Users" name="deleteUser" time="0.002"/>
  <system-out/>
  <testcase classname="com.sgtesting.testcases.Users" name="createUser" time="0.010"/>
  <system-out/>
</testsuite> <!-- com.sgtesting.testcases.Users -->
